<?xml version="1.0" encoding="UTF-8"?>
<testng-results ignored="0" total="1" passed="1" failed="0" skipped="0">
  <reporter-output>
  </reporter-output>
  <suite started-at="2022-12-11T07:08:08 IST" name="Default suite" finished-at="2022-12-11T07:09:03 IST" duration-ms="54792">
    <groups>
    </groups>
    <test started-at="2022-12-11T07:08:08 IST" name="Default test" finished-at="2022-12-11T07:09:03 IST" duration-ms="54792">
      <class name="appium_frame.Testcase1">
        <test-method is-config="true" signature="KillAllProcesses()[pri:0, instance:appium_frame.Testcase1@7e5afaa6]" started-at="2022-12-11T07:08:08 IST" name="KillAllProcesses" finished-at="2022-12-11T07:08:16 IST" duration-ms="8038" status="PASS">
          <reporter-output>
          </reporter-output>
        </test-method> <!-- KillAllProcesses -->
        <test-method signature="tc1()[pri:0, instance:appium_frame.Testcase1@7e5afaa6]" started-at="2022-12-11T07:08:16 IST" name="tc1" finished-at="2022-12-11T07:09:03 IST" duration-ms="46705" status="PASS">
          <reporter-output>
          </reporter-output>
        </test-method> <!-- tc1 -->
      </class> <!-- appium_frame.Testcase1 -->
    </test> <!-- Default test -->
  </suite> <!-- Default suite -->
</testng-results>
